[debug] [2022-08-12T16:56:58.256Z] ----------------------------------------------------------------------
[debug] [2022-08-12T16:56:58.258Z] Command:       C:\Program Files\nodejs\node.exe C:\Users\Ryan\AppData\Roaming\npm\node_modules\firebase-tools\lib\bin\firebase.js projects:list
[debug] [2022-08-12T16:56:58.259Z] CLI Version:   10.0.1
[debug] [2022-08-12T16:56:58.259Z] Platform:      win32
[debug] [2022-08-12T16:56:58.259Z] Node Version:  v16.13.1
[debug] [2022-08-12T16:56:58.260Z] Time:          Sat Aug 13 2022 04:56:58 GMT+1200 (New Zealand Standard Time)
[debug] [2022-08-12T16:56:58.260Z] ----------------------------------------------------------------------
[debug] 
[debug] [2022-08-12T16:56:58.266Z] > command requires scopes: ["email","openid","https://www.googleapis.com/auth/cloudplatformprojects.readonly","https://www.googleapis.com/auth/firebase","https://www.googleapis.com/auth/cloud-platform"]
[debug] [2022-08-12T16:56:58.266Z] > authorizing via signed-in user (fieldryan19@gmail.com)
[debug] [2022-08-12T16:56:58.271Z] > refreshing access token with scopes: []
[debug] [2022-08-12T16:56:58.271Z] >>> HTTP REQUEST POST https://www.googleapis.com/oauth2/v3/token  
 <request body omitted>
[debug] [2022-08-12T16:56:58.623Z] <<< HTTP RESPONSE 400 {"cache-control":"no-cache, no-store, max-age=0, must-revalidate","date":"Fri, 12 Aug 2022 16:56:58 GMT","pragma":"no-cache","expires":"Mon, 01 Jan 1990 00:00:00 GMT","content-type":"application/json; charset=utf-8","vary":"X-Origin, Referer, Origin,Accept-Encoding","server":"scaffolding on HTTPServer2","x-xss-protection":"0","x-frame-options":"SAMEORIGIN","x-content-type-options":"nosniff","alt-svc":"h3=\":443\"; ma=2592000,h3-29=\":443\"; ma=2592000,h3-Q050=\":443\"; ma=2592000,h3-Q046=\":443\"; ma=2592000,h3-Q043=\":443\"; ma=2592000,quic=\":443\"; ma=2592000; v=\"46,43\"","accept-ranges":"none","transfer-encoding":"chunked"}
[debug] [2022-08-12T16:56:58.625Z] >>> [apiv2][query] GET https://firebase.googleapis.com/v1beta1/projects pageSize=1000
[debug] [2022-08-12T16:56:59.094Z] <<< [apiv2][status] GET https://firebase.googleapis.com/v1beta1/projects 401
[debug] [2022-08-12T16:56:59.094Z] <<< [apiv2][body] GET https://firebase.googleapis.com/v1beta1/projects [omitted]
[debug] [2022-08-12T16:56:59.095Z] HTTP Error: 401, Request had invalid authentication credentials. Expected OAuth 2 access token, login cookie or other valid authentication credential. See https://developers.google.com/identity/sign-in/web/devconsole-project.
[debug] [2022-08-12T16:56:59.097Z] FirebaseError: HTTP Error: 401, Request had invalid authentication credentials. Expected OAuth 2 access token, login cookie or other valid authentication credential. See https://developers.google.com/identity/sign-in/web/devconsole-project.
    at module.exports (C:\Users\Ryan\AppData\Roaming\npm\node_modules\firebase-tools\lib\responseToError.js:38:12)
    at Client.doRequest (C:\Users\Ryan\AppData\Roaming\npm\node_modules\firebase-tools\lib\apiv2.js:241:23)
    at processTicksAndRejections (node:internal/process/task_queues:96:5)
    at async Client.request (C:\Users\Ryan\AppData\Roaming\npm\node_modules\firebase-tools\lib\apiv2.js:96:20)
    at async getProjectPage (C:\Users\Ryan\AppData\Roaming\npm\node_modules\firebase-tools\lib\management\projects.js:233:17)
    at async getFirebaseProjectPage (C:\Users\Ryan\AppData\Roaming\npm\node_modules\firebase-tools\lib\management\projects.js:250:23)
    at async Object.listFirebaseProjects (C:\Users\Ryan\AppData\Roaming\npm\node_modules\firebase-tools\lib\management\projects.js:281:29)
    at async Command.actionFn (C:\Users\Ryan\AppData\Roaming\npm\node_modules\firebase-tools\lib\commands\projects-list.js:50:20)
[error] 
[error] Error: Failed to list Firebase projects. See firebase-debug.log for more info.
